[02:48:17] [SAVE] img_010424.csv pts=16 OK
[03:03:55] [LOAD] img_002416.png pts=16/16 scale=False
[03:04:02] [SAVE] img_002416.csv pts=16 OK
[03:04:02] [LOAD] img_004418.png pts=16/16 scale=False
[03:04:10] [SAVE] img_004418.csv pts=16 OK
[03:04:10] [LOAD] img_005419.png pts=16/16 scale=False
[03:05:02] [LOAD] img_010424.png pts=16/16 scale=False
[03:05:02] [LOAD] img_010424.png pts=16/16 scale=False
[03:05:08] [SAVE] img_010424.csv pts=16 OK
[03:05:09] [LOAD] img_010424.png pts=16/16 scale=False
[03:05:43] [LOAD] img_010424.png pts=16/16 scale=False
[03:06:17] [SAVE] img_010424.csv pts=16 OK
[12:22:42] [LOAD] img_002416.png pts=16/16 scale=False
[12:22:46] [SAVE] img_002416.csv pts=16 OK
[12:22:46] [LOAD] img_004418.png pts=16/16 scale=False
[12:22:47] [SAVE] img_004418.csv pts=16 OK
[12:22:47] [LOAD] img_005419.png pts=16/16 scale=False
[12:22:47] [SAVE] img_005419.csv pts=16 OK
[12:22:47] [LOAD] img_006420.png pts=16/16 scale=False
[12:22:48] [SAVE] img_006420.csv pts=16 OK
[12:22:48] [LOAD] img_007421.png pts=16/16 scale=False
[12:22:48] [SAVE] img_007421.csv pts=16 OK
[12:22:48] [LOAD] img_008422.png pts=16/16 scale=False
[12:22:49] [SAVE] img_008422.csv pts=16 OK
[12:22:49] [LOAD] img_009423.png pts=16/16 scale=False
[12:22:49] [SAVE] img_009423.csv pts=16 OK
[12:22:49] [LOAD] img_010424.png pts=16/16 scale=False
[12:22:50] [SAVE] img_010424.csv pts=16 OK
[12:22:50] [LOAD] img_011425.png pts=16/16 scale=False
[12:22:51] [SAVE] img_011425.csv pts=16 OK
[12:22:51] [LOAD] img_012426.png pts=0/16 scale=False
[12:22:52] [LOAD] img_011425.png pts=16/16 scale=False
[12:22:54] [SAVE] img_011425.csv pts=16 OK
[12:22:54] [LOAD] img_012426.png pts=0/16 scale=False
[12:23:03] [SAVE] img_012426.csv pts=4 OK
[12:23:03] [LOAD] img_011425.png pts=16/16 scale=False
[12:23:05] [SAVE] img_011425.csv pts=16 OK
[12:23:05] [LOAD] img_012426.png pts=4/16 scale=False
[12:23:35] [SAVE] img_012426.csv pts=16 OK
[12:23:35] [LOAD] img_013427.png pts=0/16 scale=False
[12:24:21] [SAVE] img_013427.csv pts=16 OK
[12:24:22] [LOAD] img_014428.png pts=0/16 scale=False
[12:24:24] [LOAD] img_010424.png pts=16/16 scale=False
[12:24:24] [LOAD] img_010424.png pts=16/16 scale=False
[12:24:38] [LOAD] img_010424.png pts=16/16 scale=False
[12:25:12] [LOAD] img_010424.png pts=16/16 scale=False
[12:25:49] [SAVE] img_010424.csv pts=16 OK
[12:25:49] [LOAD] img_011425.png pts=16/16 scale=False
[12:25:51] [SAVE] img_011425.csv pts=16 OK
[12:25:51] [LOAD] img_012426.png pts=16/16 scale=False
[12:25:51] [SAVE] img_012426.csv pts=16 OK
[12:25:52] [LOAD] img_013427.png pts=16/16 scale=False
[12:25:52] [SAVE] img_013427.csv pts=16 OK
[12:25:52] [LOAD] img_014428.png pts=0/16 scale=False
[12:25:52] [LOAD] img_015429.png pts=0/16 scale=False
[12:25:53] [LOAD] img_014428.png pts=0/16 scale=False
[12:25:54] [LOAD] img_013427.png pts=16/16 scale=False
[12:25:55] [SAVE] img_013427.csv pts=16 OK
[12:25:55] [LOAD] img_014428.png pts=0/16 scale=False
[12:26:28] [SAVE] img_014428.csv pts=16 OK
[12:26:28] [LOAD] img_015429.png pts=0/16 scale=False
[12:26:29] [LOAD] img_014428.png pts=16/16 scale=False
[12:26:31] [LOAD] img_014428.png pts=16/16 scale=False
[12:26:33] [SAVE] img_014428.csv pts=16 OK
[12:26:33] [LOAD] img_010424.png pts=16/16 scale=False
[12:26:34] [SAVE] img_010424.csv pts=16 OK
[12:26:34] [LOAD] img_014428.png pts=16/16 scale=False
[12:26:34] [SAVE] img_014428.csv pts=16 OK
[12:26:35] [LOAD] img_010424.png pts=16/16 scale=False
[12:26:35] [SAVE] img_010424.csv pts=16 OK
[12:26:35] [LOAD] img_014428.png pts=16/16 scale=False
[12:26:36] [SAVE] img_014428.csv pts=16 OK
[12:26:37] [LOAD] img_010424.png pts=16/16 scale=False
[12:26:38] [SAVE] img_010424.csv pts=16 OK
[12:26:38] [LOAD] img_014428.png pts=16/16 scale=False
[12:26:49] [LOAD] img_014428.png pts=16/16 scale=False
[12:27:01] [LOAD] img_014428.png pts=16/16 scale=False
[12:27:07] [SAVE] img_014428.csv pts=16 OK
[12:27:08] [LOAD] img_013427.png pts=16/16 scale=False
[12:27:09] [SAVE] img_013427.csv pts=16 OK
[12:27:09] [LOAD] img_014428.png pts=16/16 scale=False
[12:27:10] [SAVE] img_014428.csv pts=16 OK
[12:27:10] [LOAD] img_013427.png pts=16/16 scale=False
[12:27:10] [SAVE] img_013427.csv pts=16 OK
[12:27:10] [LOAD] img_012426.png pts=16/16 scale=False
[12:27:11] [SAVE] img_012426.csv pts=16 OK
[12:27:11] [LOAD] img_013427.png pts=16/16 scale=False
[12:27:12] [SAVE] img_013427.csv pts=16 OK
[12:27:12] [LOAD] img_014428.png pts=16/16 scale=False
[12:27:12] [SAVE] img_014428.csv pts=16 OK
[12:27:12] [LOAD] img_015429.png pts=0/16 scale=False
[12:40:10] [LOAD] img_014428.png pts=16/16 scale=False
[12:40:12] [SAVE] img_014428.csv pts=16 OK
[12:40:12] [LOAD] img_015429.png pts=0/16 scale=False
[12:40:46] [SAVE] img_015429.csv pts=16 OK
[12:40:46] [LOAD] img_016430.png pts=0/16 scale=False
[12:42:12] [LOAD] img_001415.png pts=16/16 scale=False
[12:42:13] [SAVE] img_001415.csv pts=16 OK
[12:42:13] [LOAD] img_002416.png pts=16/16 scale=False
[12:42:15] [SAVE] img_002416.csv pts=16 OK
[12:43:17] [LOAD] img_034469 (2).png pts=0/16 scale=True
[12:43:27] [SCALE] saved img_034469 (2).png.scale.csv
[12:44:24] [SAVE] img_034469 (2).csv pts=16 OK
[12:44:24] [LOAD] img_034469.png pts=0/16 scale=False
[12:44:28] [LOAD] img_034469 (2).png pts=16/16 scale=False
[12:44:29] [SAVE] img_034469 (2).csv pts=16 OK
[12:44:29] [LOAD] img_034469.png pts=0/16 scale=False
[12:44:30] [LOAD] img_034469 (2).png pts=16/16 scale=False
[12:44:32] [SAVE] img_034469 (2).csv pts=16 OK
[12:44:32] [LOAD] img_034469.png pts=0/16 scale=False
[12:44:38] [LOAD] img_035470 (2).png pts=0/16 scale=False
[12:44:38] [LOAD] img_035470.png pts=0/16 scale=False
[12:44:38] [LOAD] img_036471 (2).png pts=0/16 scale=False
[12:44:39] [LOAD] img_036471.png pts=0/16 scale=False
[12:44:40] [LOAD] img_037472.png pts=0/16 scale=False
[12:44:45] [LOAD] img_034469 (2).png pts=16/16 scale=False
[12:44:47] [SAVE] img_034469 (2).csv pts=16 OK
[12:45:48] [LOAD] img_034469.png pts=16/16 scale=False
[12:46:06] [SAVE] img_034469.csv pts=16 OK
[23:01:02] [LOAD] img_001415.png pts=16/16 scale=False
[23:01:07] [SAVE] img_001415.csv pts=16 OK
[23:54:38] [LOAD] img_001415.png pts=16/16 scale=False
[23:54:46] [SAVE] img_001415.csv pts=16 OK
[23:54:46] [LOAD] img_002416.png pts=16/16 scale=False
[23:54:52] [SAVE] img_002416.csv pts=16 OK
[00:04:41] [LOAD] img_001415.png pts=16/16 scale=False
[00:04:44] [SAVE] img_001415.csv pts=16 OK
[01:11:27] [LOAD] img_001415.png pts=16/16 scale=False
[01:18:15] [LOAD] img_001415.png pts=16/16 scale=False
[01:18:18] [SAVE] img_001415.csv pts=16 OK
[01:18:18] [LOAD] img_002416.png pts=16/16 scale=False
[01:18:22] [SAVE] img_002416.csv pts=16 OK
[01:19:59] [LOAD] img_001415.png pts=16/16 scale=False
[01:20:02] [SAVE] img_001415.csv pts=16 OK
[01:26:51] [LOAD] img_001415.png pts=16/16 scale=False
[01:26:58] [SAVE] img_001415.csv pts=16 OK
[01:27:07] [LOAD] img_001616.png pts=0/16 scale=True
[01:28:22] [SCALE] saved img_001616.png.scale.csv
[01:29:21] [SAVE] img_001616.csv pts=16 OK
[01:29:21] [LOAD] img_002617.png pts=0/16 scale=False
[01:29:27] [LOAD] img_001616.png pts=16/16 scale=False
[01:29:43] [SAVE] img_001616.csv pts=16 OK
[13:21:14] [LOAD] img_001415.png pts=16/16 scale=False
[13:21:16] [SAVE] img_001415.csv pts=16 OK
[13:21:16] [LOAD] img_002416.png pts=16/16 scale=False
[13:21:17] [SAVE] img_002416.csv pts=16 OK
[13:21:17] [LOAD] img_003417.png pts=0/16 scale=False
[13:21:17] [LOAD] img_004418.png pts=16/16 scale=False
[13:21:17] [SAVE] img_004418.csv pts=16 OK
[13:21:17] [LOAD] img_005419.png pts=16/16 scale=False
[13:21:19] [SAVE] img_005419.csv pts=16 OK
[13:21:19] [LOAD] img_006420.png pts=16/16 scale=False
[13:21:19] [SAVE] img_006420.csv pts=16 OK
[13:21:19] [LOAD] img_007421.png pts=16/16 scale=False
[13:21:19] [SAVE] img_007421.csv pts=16 OK
[13:21:19] [LOAD] img_008422.png pts=16/16 scale=False
[13:21:19] [SAVE] img_008422.csv pts=16 OK
[13:21:20] [LOAD] img_009423.png pts=16/16 scale=False
[13:21:20] [SAVE] img_009423.csv pts=16 OK
[13:21:20] [LOAD] img_010424.png pts=16/16 scale=False
[13:21:20] [SAVE] img_010424.csv pts=16 OK
[13:21:20] [LOAD] img_011425.png pts=16/16 scale=False
[13:21:23] [SAVE] img_011425.csv pts=16 OK
[13:21:38] [LOAD] img_001415.png pts=16/16 scale=False
[13:21:39] [SAVE] img_001415.csv pts=16 OK
[13:21:39] [LOAD] img_002416.png pts=16/16 scale=False
[13:21:39] [SAVE] img_002416.csv pts=16 OK
[13:21:40] [LOAD] img_003417.png pts=0/16 scale=False
[13:21:40] [LOAD] img_004418.png pts=16/16 scale=False
[13:21:40] [SAVE] img_004418.csv pts=16 OK
[13:21:40] [LOAD] img_005419.png pts=16/16 scale=False
[13:21:40] [SAVE] img_005419.csv pts=16 OK
[13:21:40] [LOAD] img_006420.png pts=16/16 scale=False
[13:21:40] [SAVE] img_006420.csv pts=16 OK
[13:21:40] [LOAD] img_007421.png pts=16/16 scale=False
[13:21:40] [SAVE] img_007421.csv pts=16 OK
[13:21:41] [LOAD] img_008422.png pts=16/16 scale=False
[13:21:41] [SAVE] img_008422.csv pts=16 OK
[13:21:41] [LOAD] img_009423.png pts=16/16 scale=False
[13:21:41] [SAVE] img_009423.csv pts=16 OK
[13:21:41] [LOAD] img_010424.png pts=16/16 scale=False
[13:21:41] [SAVE] img_010424.csv pts=16 OK
[13:21:41] [LOAD] img_011425.png pts=16/16 scale=False
[13:21:42] [SAVE] img_011425.csv pts=16 OK
[13:21:42] [LOAD] img_012426.png pts=16/16 scale=False
[13:21:42] [SAVE] img_012426.csv pts=16 OK
[13:21:42] [LOAD] img_013427.png pts=16/16 scale=False
[13:21:43] [SAVE] img_013427.csv pts=16 OK
[13:21:43] [LOAD] img_014428.png pts=16/16 scale=False
[13:21:43] [SAVE] img_014428.csv pts=16 OK
[13:21:43] [LOAD] img_015429.png pts=16/16 scale=False
[13:21:43] [SAVE] img_015429.csv pts=16 OK
[13:21:43] [LOAD] img_016430.png pts=16/16 scale=False
[13:21:43] [SAVE] img_016430.csv pts=16 OK
[13:21:44] [LOAD] img_017431.png pts=16/16 scale=False
[13:21:44] [SAVE] img_017431.csv pts=16 OK
[13:21:44] [LOAD] img_018432.png pts=16/16 scale=False
[13:21:44] [SAVE] img_018432.csv pts=16 OK
[13:21:44] [LOAD] img_019433.png pts=16/16 scale=False
[13:21:44] [SAVE] img_019433.csv pts=16 OK
[13:21:44] [LOAD] img_020434.png pts=16/16 scale=False
[13:21:45] [SAVE] img_020434.csv pts=16 OK
[13:21:45] [LOAD] img_021435.png pts=16/16 scale=False
[13:21:46] [SAVE] img_021435.csv pts=16 OK
[13:21:46] [LOAD] img_020434.png pts=16/16 scale=False
[13:21:46] [SAVE] img_020434.csv pts=16 OK
[13:21:46] [LOAD] img_019433.png pts=16/16 scale=False
[13:21:46] [SAVE] img_019433.csv pts=16 OK
[13:21:46] [LOAD] img_018432.png pts=16/16 scale=False
[13:21:46] [SAVE] img_018432.csv pts=16 OK
[13:21:46] [LOAD] img_017431.png pts=16/16 scale=False
[13:21:46] [SAVE] img_017431.csv pts=16 OK
[13:21:47] [LOAD] img_016430.png pts=16/16 scale=False
[13:21:47] [SAVE] img_016430.csv pts=16 OK
[13:21:47] [LOAD] img_015429.png pts=16/16 scale=False
[13:21:47] [SAVE] img_015429.csv pts=16 OK
[13:21:47] [LOAD] img_014428.png pts=16/16 scale=False
[13:21:49] [SAVE] img_014428.csv pts=16 OK
[13:21:49] [LOAD] img_013427.png pts=16/16 scale=False
[13:21:50] [SAVE] img_013427.csv pts=16 OK
[13:21:50] [LOAD] img_012426.png pts=16/16 scale=False
[13:21:51] [SAVE] img_012426.csv pts=16 OK
[13:21:52] [LOAD] img_011425.png pts=16/16 scale=False
[13:21:52] [SAVE] img_011425.csv pts=16 OK
[13:21:52] [LOAD] img_010424.png pts=16/16 scale=False
[13:21:53] [SAVE] img_010424.csv pts=16 OK
[13:21:53] [LOAD] img_009423.png pts=16/16 scale=False
[13:22:07] [SAVE] img_009423.csv pts=16 OK
[13:22:07] [LOAD] img_008422.png pts=16/16 scale=False
[13:22:08] [SAVE] img_008422.csv pts=16 OK
[13:22:08] [LOAD] img_007421.png pts=16/16 scale=False
[13:22:09] [SAVE] img_007421.csv pts=16 OK
[13:22:09] [LOAD] img_006420.png pts=16/16 scale=False
[13:22:10] [SAVE] img_006420.csv pts=16 OK
[13:22:10] [LOAD] img_005419.png pts=16/16 scale=False
[13:22:11] [SAVE] img_005419.csv pts=16 OK
[13:22:11] [LOAD] img_004418.png pts=16/16 scale=False
[13:22:12] [SAVE] img_004418.csv pts=16 OK
[13:22:12] [LOAD] img_003417.png pts=0/16 scale=False
[13:22:14] [LOAD] img_002416.png pts=16/16 scale=False
[13:22:15] [SAVE] img_002416.csv pts=16 OK
[13:22:16] [LOAD] img_003417.png pts=0/16 scale=False
[13:22:25] [LOAD] img_004418.png pts=16/16 scale=False
[13:22:26] [SAVE] img_004418.csv pts=16 OK
[13:22:27] [SAVE] img_003417.csv pts=16 OK
[13:22:27] [LOAD] img_002416.png pts=16/16 scale=False
[13:22:27] [SAVE] img_002416.csv pts=16 OK
[13:22:27] [LOAD] img_001415.png pts=16/16 scale=False
[13:22:27] [SAVE] img_001415.csv pts=16 OK
[13:22:28] [SAVE] img_001415.csv pts=16 OK
[13:22:28] [SAVE] img_001415.csv pts=16 OK
[13:22:29] [SAVE] img_001415.csv pts=16 OK
[13:22:29] [SAVE] img_001415.csv pts=16 OK
[13:22:29] [LOAD] img_002416.png pts=16/16 scale=False
[13:22:30] [SAVE] img_002416.csv pts=16 OK
[13:22:30] [SAVE] img_003417.csv pts=16 OK
[13:22:30] [LOAD] img_004418.png pts=16/16 scale=False
[13:22:35] [SAVE] img_004418.csv pts=16 OK
[13:22:35] [LOAD] img_005419.png pts=16/16 scale=False
[13:22:38] [SAVE] img_005419.csv pts=16 OK
[13:22:38] [LOAD] img_006420.png pts=16/16 scale=False
[13:22:38] [SAVE] img_006420.csv pts=16 OK
[13:22:38] [LOAD] img_007421.png pts=16/16 scale=False
[13:22:39] [SAVE] img_007421.csv pts=16 OK
[13:22:39] [LOAD] img_008422.png pts=16/16 scale=False
[13:22:39] [SAVE] img_008422.csv pts=16 OK
[13:22:39] [LOAD] img_009423.png pts=16/16 scale=False
[13:22:39] [SAVE] img_009423.csv pts=16 OK
[13:22:39] [LOAD] img_010424.png pts=16/16 scale=False
[13:22:40] [SAVE] img_010424.csv pts=16 OK
[13:22:40] [LOAD] img_011425.png pts=16/16 scale=False
[13:22:40] [SAVE] img_011425.csv pts=16 OK
[13:22:40] [LOAD] img_010424.png pts=16/16 scale=False
[13:22:43] [SAVE] img_010424.csv pts=16 OK
[13:22:43] [LOAD] img_009423.png pts=16/16 scale=False
[13:22:43] [SAVE] img_009423.csv pts=16 OK
[13:22:43] [LOAD] img_008422.png pts=16/16 scale=False
[13:22:43] [SAVE] img_008422.csv pts=16 OK
[13:22:44] [LOAD] img_007421.png pts=16/16 scale=False
[13:22:44] [SAVE] img_007421.csv pts=16 OK
[13:22:44] [LOAD] img_006420.png pts=16/16 scale=False
[13:22:47] [SAVE] img_006420.csv pts=16 OK
[13:22:58] [LOAD] img_001616.png pts=16/16 scale=False
[13:23:01] [SAVE] img_001616.csv pts=16 OK
[13:23:02] [LOAD] img_002617.png pts=0/16 scale=False
[13:23:40] [SAVE] img_002617.csv pts=16 OK
[13:23:41] [LOAD] img_015603.png pts=0/16 scale=False
[13:23:55] [LOAD] img_001415.png pts=16/17 scale=False
[13:24:00] [SAVE] img_001415.csv pts=17 OK
[13:24:00] [LOAD] img_002416.png pts=16/17 scale=False
[13:24:02] [SAVE] img_002416.csv pts=17 OK
[13:24:02] [LOAD] img_005419.png pts=16/17 scale=False
[13:24:05] [SAVE] img_005419.csv pts=17 OK
[13:24:05] [LOAD] img_006420.png pts=16/17 scale=False
[13:24:06] [SAVE] img_006420.csv pts=17 OK
[13:24:06] [LOAD] img_007421.png pts=16/17 scale=False
[13:24:09] [SAVE] img_007421.csv pts=17 OK
[13:24:09] [LOAD] img_008422.png pts=16/17 scale=False
[13:24:11] [SAVE] img_008422.csv pts=17 OK
[13:24:11] [LOAD] img_009423.png pts=16/17 scale=False
[13:24:13] [SAVE] img_009423.csv pts=17 OK
[13:24:13] [LOAD] img_010424.png pts=16/17 scale=False
[13:24:15] [SAVE] img_010424.csv pts=17 OK
[13:24:16] [LOAD] img_011425.png pts=16/17 scale=False
[13:24:18] [SAVE] img_011425.csv pts=17 OK
[13:24:18] [LOAD] img_012426.png pts=16/17 scale=False
[13:24:21] [SAVE] img_012426.csv pts=17 OK
[13:24:21] [LOAD] img_011425.png pts=17/17 scale=False
[13:24:23] [SAVE] img_011425.csv pts=17 OK
[13:24:23] [LOAD] img_012426.png pts=17/17 scale=False
[13:24:23] [SAVE] img_012426.csv pts=17 OK
[13:24:24] [LOAD] img_013427.png pts=16/17 scale=False
[13:24:26] [SAVE] img_013427.csv pts=17 OK
[13:24:27] [LOAD] img_014428.png pts=16/17 scale=False
[13:24:29] [SAVE] img_014428.csv pts=17 OK
[13:24:29] [LOAD] img_015429.png pts=16/17 scale=False
[13:24:35] [SAVE] img_015429.csv pts=17 OK
[13:24:35] [LOAD] img_016430.png pts=16/17 scale=False
[13:24:37] [SAVE] img_016430.csv pts=17 OK
[13:24:37] [LOAD] img_017431.png pts=16/17 scale=False
[13:24:39] [SAVE] img_017431.csv pts=17 OK
[13:24:39] [LOAD] img_018432.png pts=16/17 scale=False
[13:24:42] [SAVE] img_018432.csv pts=17 OK
[13:24:42] [LOAD] img_019433.png pts=16/17 scale=False
[13:24:45] [SAVE] img_019433.csv pts=17 OK
[13:24:45] [LOAD] img_020434.png pts=16/17 scale=False
[13:24:47] [SAVE] img_020434.csv pts=17 OK
[13:24:47] [LOAD] img_021435.png pts=16/17 scale=False
[13:24:49] [SAVE] img_021435.csv pts=17 OK
[13:24:50] [SAVE] img_021435.csv pts=17 OK
[13:24:52] [SAVE] img_021435.csv pts=17 OK
[13:24:52] [LOAD] img_020434.png pts=17/17 scale=False
[13:24:55] [LOAD] img_010424.png pts=17/17 scale=False
[13:24:55] [LOAD] img_010424.png pts=17/17 scale=False
[13:25:07] [LOAD] img_010424.png pts=17/17 scale=False
[13:25:10] [LOAD] img_017431.png pts=17/17 scale=False
[13:25:11] [LOAD] img_017431.png pts=17/17 scale=False
[13:25:23] [SAVE] img_017431.csv pts=17 OK
[13:25:23] [LOAD] img_017431.png pts=17/17 scale=False
[13:25:47] [SAVE] img_017431.csv pts=17 OK
[13:25:47] [LOAD] img_018432.png pts=17/17 scale=False
[13:25:48] [SAVE] img_018432.csv pts=17 OK
[13:26:00] [LOAD] img_001616.png pts=16/17 scale=False
[13:26:03] [SAVE] img_001616.csv pts=17 OK
[13:26:03] [LOAD] img_002617.png pts=16/17 scale=False
[13:26:06] [SAVE] img_002617.csv pts=17 OK
[13:26:06] [LOAD] img_015603.png pts=0/17 scale=False
[13:26:46] [SAVE] img_015603.csv pts=17 OK
[13:26:47] [LOAD] img_016604.png pts=0/17 scale=False
[13:27:29] [MIS] user chose NO
[13:27:53] [SAVE] img_016604.csv pts=17 OK
[13:27:53] [LOAD] img_017605.png pts=0/17 scale=False
[13:27:54] [LOAD] img_016604.png pts=17/17 scale=False
[13:27:55] [LOAD] img_001616.png pts=17/17 scale=False
[13:27:55] [LOAD] img_001616.png pts=17/17 scale=False
[13:32:22] [SAVE] img_001616.csv pts=17 OK
[13:32:23] [LOAD] img_002617.png pts=17/17 scale=False
[13:32:24] [SAVE] img_002617.csv pts=17 OK
[13:32:24] [LOAD] img_015603.png pts=17/17 scale=False
[13:32:26] [SAVE] img_015603.csv pts=17 OK
[13:32:26] [LOAD] img_016604.png pts=17/17 scale=False
[13:32:26] [SAVE] img_016604.csv pts=17 OK
[13:32:26] [LOAD] img_017605.png pts=0/17 scale=False
[13:33:01] [SAVE] img_017605.csv pts=17 OK
[13:33:01] [LOAD] img_018606.png pts=0/17 scale=False
[13:33:47] [SAVE] img_018606.csv pts=17 OK
[13:33:47] [LOAD] img_019607.png pts=0/17 scale=False
[13:34:28] [SAVE] img_019607.csv pts=17 OK
[13:34:28] [LOAD] img_018606.png pts=17/17 scale=False
[13:34:32] [SAVE] img_018606.csv pts=17 OK
[13:34:32] [LOAD] img_017605.png pts=17/17 scale=False
[13:34:37] [SAVE] img_017605.csv pts=17 OK
[13:34:37] [LOAD] img_016604.png pts=17/17 scale=False
[13:34:42] [SAVE] img_016604.csv pts=17 OK
[13:34:42] [LOAD] img_015603.png pts=17/17 scale=False
[13:34:45] [SAVE] img_015603.csv pts=17 OK
[13:34:46] [LOAD] img_002617.png pts=17/17 scale=False
[13:34:49] [SAVE] img_002617.csv pts=17 OK
[13:34:49] [LOAD] img_001616.png pts=17/17 scale=False
[13:34:51] [SAVE] img_001616.csv pts=17 OK
[13:34:52] [LOAD] img_002617.png pts=17/17 scale=False
[13:34:52] [SAVE] img_002617.csv pts=17 OK
[13:34:52] [LOAD] img_015603.png pts=17/17 scale=False
[13:34:52] [SAVE] img_015603.csv pts=17 OK
[13:34:52] [LOAD] img_016604.png pts=17/17 scale=False
[13:34:52] [SAVE] img_016604.csv pts=17 OK
[13:34:52] [LOAD] img_017605.png pts=17/17 scale=False
[13:34:52] [SAVE] img_017605.csv pts=17 OK
[13:34:53] [LOAD] img_018606.png pts=17/17 scale=False
[13:34:53] [SAVE] img_018606.csv pts=17 OK
[13:34:53] [LOAD] img_019607.png pts=17/17 scale=False
[13:34:54] [SAVE] img_019607.csv pts=17 OK
[13:34:54] [LOAD] img_020608.png pts=0/17 scale=False
[13:34:55] [LOAD] img_019607.png pts=17/17 scale=False
[13:34:58] [SAVE] img_019607.csv pts=17 OK
[13:34:58] [LOAD] img_020608.png pts=0/17 scale=False
[13:35:01] [LOAD] img_021609.png pts=0/17 scale=False
[13:35:45] [SAVE] img_021609.csv pts=17 OK
[13:35:45] [LOAD] img_022610.png pts=0/17 scale=False
[13:36:40] [SAVE] img_022610.csv pts=17 OK
[13:36:40] [LOAD] img_023611.png pts=0/17 scale=False
[13:37:23] [SAVE] img_023611.csv pts=17 OK
[13:37:23] [LOAD] img_024612.png pts=0/17 scale=False
[13:38:31] [SAVE] img_024612.csv pts=17 OK
[13:38:31] [LOAD] img_025613.png pts=0/17 scale=False
[13:39:43] [SAVE] img_025613.csv pts=17 OK
[13:39:43] [LOAD] img_026614.png pts=0/17 scale=False
[13:40:27] [SAVE] img_026614.csv pts=17 OK
[13:40:27] [LOAD] img_027615.png pts=0/17 scale=False
[13:40:42] [LOAD] img_026614.png pts=17/17 scale=False
[13:40:42] [SAVE] img_026614.csv pts=17 OK
[13:40:44] [SAVE] img_027615.csv pts=17 OK
[13:40:44] [SAVE] img_027615.csv pts=17 OK
[13:40:44] [LOAD] img_026614.png pts=17/17 scale=False
[13:40:44] [SAVE] img_026614.csv pts=17 OK
[13:40:44] [LOAD] img_025613.png pts=17/17 scale=False
[13:40:44] [SAVE] img_025613.csv pts=17 OK
[13:40:45] [LOAD] img_024612.png pts=17/17 scale=False
[13:40:45] [SAVE] img_024612.csv pts=17 OK
[13:40:45] [LOAD] img_025613.png pts=17/17 scale=False
[13:40:45] [SAVE] img_025613.csv pts=17 OK
[13:40:45] [LOAD] img_026614.png pts=17/17 scale=False
[13:40:46] [SAVE] img_026614.csv pts=17 OK
[13:40:46] [SAVE] img_027615.csv pts=17 OK
[13:40:46] [SAVE] img_027615.csv pts=17 OK
[13:40:47] [SAVE] img_027615.csv pts=17 OK
[13:40:49] [SAVE] img_027615.csv pts=17 OK
[13:40:51] [SAVE] img_027615.csv pts=17 OK
[13:40:51] [LOAD] img_026614.png pts=17/17 scale=False
[13:41:05] [LOAD] img_002617.png pts=17/17 scale=False
[13:41:05] [LOAD] img_002617.png pts=17/17 scale=False
[13:41:20] [SAVE] img_002617.csv pts=17 OK
[13:41:31] [LOAD] img_001673.png pts=0/17 scale=True
[13:42:12] [SCALE] saved img_001673.png.scale.csv
[13:42:42] [SAVE] img_001673.csv pts=17 OK
[13:42:42] [LOAD] img_002674.png pts=0/17 scale=False
[13:43:13] [SAVE] img_002674.csv pts=17 OK
[13:43:13] [LOAD] img_003675.png pts=0/17 scale=False
[13:43:13] [LOAD] img_004676.png pts=0/17 scale=False
[13:43:14] [LOAD] img_003675.png pts=0/17 scale=False
[13:43:14] [LOAD] img_002674.png pts=17/17 scale=False
[13:43:15] [SAVE] img_002674.csv pts=17 OK
[13:43:15] [LOAD] img_003675.png pts=0/17 scale=False
[13:44:02] [SAVE] img_003675.csv pts=17 OK
[13:44:02] [LOAD] img_004676.png pts=0/17 scale=False
[13:45:05] [SAVE] img_004676.csv pts=17 OK
[13:45:05] [LOAD] img_005677.png pts=0/17 scale=False
[13:45:46] [SAVE] img_005677.csv pts=17 OK
[13:45:46] [LOAD] img_006678.png pts=0/17 scale=False
[13:46:56] [SAVE] img_006678.csv pts=17 OK
[13:46:56] [LOAD] img_007679.png pts=0/17 scale=False
[13:47:30] [SAVE] img_007679.csv pts=17 OK
[13:47:30] [LOAD] img_008680.png pts=0/17 scale=False
[13:48:18] [SAVE] img_008680.csv pts=17 OK
[13:48:18] [LOAD] img_009681.png pts=0/17 scale=False
[13:48:57] [SAVE] img_009681.csv pts=17 OK
[13:48:57] [LOAD] img_010682.png pts=0/17 scale=False
[13:49:32] [SAVE] img_010682.csv pts=17 OK
[13:49:33] [LOAD] img_011683.png pts=0/17 scale=False
[13:50:02] [SAVE] img_011683.csv pts=17 OK
[13:50:02] [SAVE] img_011683.csv pts=17 OK
[13:50:02] [LOAD] img_010682.png pts=17/17 scale=False
[13:50:16] [LOAD] img_011683.png pts=17/17 scale=False
[13:50:17] [LOAD] img_011683.png pts=17/17 scale=False
[13:50:19] [SAVE] img_011683.csv pts=17 OK
[13:50:19] [LOAD] img_002674.png pts=17/17 scale=False
[13:50:20] [SAVE] img_002674.csv pts=17 OK
[13:50:20] [LOAD] img_003675.png pts=17/17 scale=False
[13:50:22] [SAVE] img_003675.csv pts=17 OK
[13:50:23] [LOAD] img_006678.png pts=17/17 scale=False
[13:50:25] [SAVE] img_006678.csv pts=17 OK
[13:50:25] [LOAD] img_011683.png pts=17/17 scale=False
[13:50:26] [SAVE] img_011683.csv pts=17 OK
[13:50:26] [LOAD] img_002674.png pts=17/17 scale=False
[13:50:29] [SAVE] img_002674.csv pts=17 OK
[13:50:29] [LOAD] img_003675.png pts=17/17 scale=False
[13:50:32] [SAVE] img_003675.csv pts=17 OK
[13:50:32] [LOAD] img_006678.png pts=17/17 scale=False
[13:50:40] [SAVE] img_006678.csv pts=17 OK
[13:50:40] [LOAD] img_001673.png pts=17/17 scale=False
[13:50:42] [SAVE] img_001673.csv pts=17 OK
[13:50:53] [LOAD] img_010759.png pts=0/17 scale=True
[13:51:14] [SCALE] saved img_010759.png.scale.csv
[13:51:44] [SAVE] img_010759.csv pts=17 OK
[13:51:45] [LOAD] img_011760.png pts=0/17 scale=False
[13:52:16] [SAVE] img_011760.csv pts=17 OK
[13:52:16] [LOAD] img_012761.png pts=0/17 scale=False
[13:52:21] [LOAD] img_013762.png pts=0/17 scale=False
[13:52:49] [SAVE] img_013762.csv pts=17 OK
[13:52:49] [LOAD] img_014763.png pts=0/17 scale=False
[13:53:30] [SAVE] img_014763.csv pts=17 OK
[13:53:30] [LOAD] img_015764.png pts=0/17 scale=False
[13:54:06] [SAVE] img_015764.csv pts=17 OK
[13:54:07] [LOAD] img_016765.png pts=0/17 scale=False
[13:55:18] [SAVE] img_016765.csv pts=17 OK
[13:55:18] [LOAD] img_017766.png pts=0/17 scale=False
[13:56:01] [MIS] user chose NO
[13:56:03] [SAVE] img_017766.csv pts=17 OK
[13:56:03] [LOAD] img_018767.png pts=0/17 scale=False
[13:56:47] [SAVE] img_018767.csv pts=17 OK
[13:56:47] [LOAD] img_019768.png pts=0/17 scale=False
[13:57:20] [SAVE] img_019768.csv pts=17 OK
[13:57:20] [LOAD] img_020769.png pts=0/17 scale=False
[13:57:47] [SAVE] img_020769.csv pts=17 OK
[13:57:47] [LOAD] img_021770.png pts=0/17 scale=False
[13:58:16] [SAVE] img_021770.csv pts=17 OK
[13:58:17] [SAVE] img_021770.csv pts=17 OK
[13:58:17] [LOAD] img_020769.png pts=17/17 scale=False
[13:58:21] [LOAD] img_021770.png pts=17/17 scale=False
[13:58:21] [LOAD] img_021770.png pts=17/17 scale=False
[13:58:24] [SAVE] img_021770.csv pts=17 OK
[13:58:25] [LOAD] img_013762.png pts=17/17 scale=False
[13:58:26] [SAVE] img_013762.csv pts=17 OK
[13:58:26] [LOAD] img_014763.png pts=17/17 scale=False
[13:58:28] [SAVE] img_014763.csv pts=17 OK
[13:58:28] [LOAD] img_015764.png pts=17/17 scale=False
[13:58:30] [SAVE] img_015764.csv pts=17 OK
[13:58:30] [LOAD] img_016765.png pts=17/17 scale=False
[13:58:32] [SAVE] img_016765.csv pts=17 OK
[13:58:33] [LOAD] img_018767.png pts=17/17 scale=False
[13:58:35] [SAVE] img_018767.csv pts=17 OK
[13:58:35] [LOAD] img_021770.png pts=17/17 scale=False
[13:58:37] [SAVE] img_021770.csv pts=17 OK
[13:58:37] [LOAD] img_013762.png pts=17/17 scale=False
[13:58:40] [SAVE] img_013762.csv pts=17 OK
[13:58:40] [LOAD] img_014763.png pts=17/17 scale=False
[13:58:44] [SAVE] img_014763.csv pts=17 OK
[13:58:45] [LOAD] img_015764.png pts=17/17 scale=False
[13:58:51] [SAVE] img_015764.csv pts=17 OK
[13:58:51] [LOAD] img_016765.png pts=17/17 scale=False
[13:58:53] [SAVE] img_016765.csv pts=17 OK
[13:58:53] [LOAD] img_018767.png pts=17/17 scale=False
[13:58:54] [SAVE] img_018767.csv pts=17 OK
[13:58:54] [LOAD] img_021770.png pts=17/17 scale=False
[13:58:58] [SAVE] img_021770.csv pts=17 OK
[13:58:58] [LOAD] img_010759.png pts=17/17 scale=False
[13:59:02] [SAVE] img_010759.csv pts=17 OK
[13:59:18] [LOAD] img_012684.png pts=0/17 scale=True
[14:00:19] [SCALE] saved img_012684.png.scale.csv
[14:04:44] [SAVE] img_012684.csv pts=17 OK
[14:04:44] [LOAD] img_013685.png pts=0/17 scale=False
[14:05:09] [SAVE] img_013685.csv pts=17 OK
[14:05:09] [LOAD] img_014686.png pts=0/17 scale=False
[14:05:41] [SAVE] img_014686.csv pts=17 OK
[14:05:41] [LOAD] img_015687.png pts=0/17 scale=False
[14:06:15] [SAVE] img_015687.csv pts=17 OK
[14:06:15] [LOAD] img_016688.png pts=0/17 scale=False
[14:06:45] [SAVE] img_016688.csv pts=17 OK
[14:06:45] [LOAD] img_017689.png pts=0/17 scale=False
[14:07:16] [SAVE] img_017689.csv pts=17 OK
[14:07:16] [LOAD] img_018690.png pts=0/17 scale=False
[14:07:45] [SAVE] img_018690.csv pts=17 OK
[14:07:45] [LOAD] img_019691.png pts=0/17 scale=False
[14:08:13] [SAVE] img_019691.csv pts=17 OK
[14:08:13] [LOAD] img_020692.png pts=0/17 scale=False
[14:08:39] [SAVE] img_020692.csv pts=17 OK
[14:08:39] [LOAD] img_021693.png pts=0/17 scale=False
[14:09:09] [SAVE] img_021693.csv pts=17 OK
[14:09:10] [LOAD] img_022694.png pts=0/17 scale=False
[14:09:48] [SAVE] img_022694.csv pts=17 OK
[14:09:48] [LOAD] img_023695.png pts=0/17 scale=False
[14:12:51] [SAVE] img_023695.csv pts=17 OK
[14:12:52] [LOAD] img_024696.png pts=0/17 scale=False
[14:13:19] [SAVE] img_024696.csv pts=17 OK
[14:13:19] [LOAD] img_025697.png pts=0/17 scale=False
[14:13:47] [SAVE] img_025697.csv pts=17 OK
[14:13:47] [LOAD] img_026698.png pts=0/17 scale=False
[14:14:32] [SAVE] img_026698.csv pts=17 OK
[14:14:32] [LOAD] img_025697.png pts=17/17 scale=False
[14:14:34] [SAVE] img_025697.csv pts=17 OK
[14:14:34] [LOAD] img_026698.png pts=17/17 scale=False
[14:14:35] [SAVE] img_026698.csv pts=17 OK
[14:14:35] [LOAD] img_027699.png pts=0/17 scale=False
[14:15:12] [SAVE] img_027699.csv pts=17 OK
[14:15:12] [LOAD] img_028700.png pts=0/17 scale=False
[14:15:52] [SAVE] img_028700.csv pts=17 OK
[14:15:52] [LOAD] img_029701.png pts=0/17 scale=False
[14:38:23] [SAVE] img_029701.csv pts=17 OK
[14:38:23] [LOAD] img_030702.png pts=0/17 scale=False
[15:22:57] [LOAD] img_029701.png pts=17/17 scale=False
[15:23:05] [SAVE] img_029701.csv pts=17 OK
[15:23:05] [LOAD] img_030702.png pts=0/17 scale=False
[15:23:35] [SAVE] img_030702.csv pts=17 OK
[15:23:35] [LOAD] img_031703.png pts=0/17 scale=False
[15:24:05] [SAVE] img_031703.csv pts=17 OK
[15:24:06] [LOAD] img_032704.png pts=0/17 scale=False
[15:24:49] [SAVE] img_032704.csv pts=17 OK
[15:24:49] [LOAD] img_033705.png pts=0/17 scale=False
[15:25:44] [SAVE] img_033705.csv pts=17 OK
[15:25:44] [LOAD] img_034706.png pts=0/17 scale=False
[15:26:37] [SAVE] img_034706.csv pts=17 OK
[15:26:37] [LOAD] img_035707.png pts=0/17 scale=False
[15:27:29] [SAVE] img_035707.csv pts=17 OK
[15:27:29] [LOAD] img_036708.png pts=0/17 scale=False
[15:28:18] [SAVE] img_036708.csv pts=17 OK
[15:28:18] [LOAD] img_037709.png pts=0/17 scale=False
[15:29:35] [SAVE] img_037709.csv pts=17 OK
[15:29:36] [LOAD] img_038710.png pts=0/17 scale=False
[15:30:30] [SAVE] img_038710.csv pts=17 OK
[15:30:30] [LOAD] img_039711.png pts=0/17 scale=False
[15:31:11] [SAVE] img_039711.csv pts=17 OK
[15:31:11] [LOAD] img_040712.png pts=0/17 scale=False
[15:31:36] [SAVE] img_040712.csv pts=17 OK
[15:31:42] [SAVE] img_040712.csv pts=17 OK
[15:31:42] [LOAD] img_039711.png pts=17/17 scale=False
[15:31:43] [SAVE] img_039711.csv pts=17 OK
[15:31:43] [LOAD] img_038710.png pts=17/17 scale=False
[15:31:44] [SAVE] img_038710.csv pts=17 OK
[15:31:44] [LOAD] img_037709.png pts=17/17 scale=False
[15:31:45] [SAVE] img_037709.csv pts=17 OK
[15:31:45] [LOAD] img_038710.png pts=17/17 scale=False
[15:31:46] [SAVE] img_038710.csv pts=17 OK
[15:31:46] [LOAD] img_037709.png pts=17/17 scale=False
[15:31:47] [SAVE] img_037709.csv pts=17 OK
[15:31:47] [LOAD] img_036708.png pts=17/17 scale=False
[15:31:48] [SAVE] img_036708.csv pts=17 OK
[15:31:48] [LOAD] img_035707.png pts=17/17 scale=False
[15:31:49] [SAVE] img_035707.csv pts=17 OK
[15:31:49] [LOAD] img_034706.png pts=17/17 scale=False
[15:31:50] [SAVE] img_034706.csv pts=17 OK
[15:31:50] [LOAD] img_033705.png pts=17/17 scale=False
[15:31:54] [SAVE] img_033705.csv pts=17 OK
[15:31:54] [LOAD] img_032704.png pts=17/17 scale=False
[15:31:54] [SAVE] img_032704.csv pts=17 OK
[15:31:55] [LOAD] img_031703.png pts=17/17 scale=False
[15:31:55] [SAVE] img_031703.csv pts=17 OK
[15:31:55] [LOAD] img_030702.png pts=17/17 scale=False
[15:31:56] [SAVE] img_030702.csv pts=17 OK
[15:31:56] [LOAD] img_029701.png pts=17/17 scale=False
[15:32:00] [SAVE] img_029701.csv pts=17 OK
[15:32:00] [LOAD] img_028700.png pts=17/17 scale=False
[15:32:00] [SAVE] img_028700.csv pts=17 OK
[15:32:01] [LOAD] img_027699.png pts=17/17 scale=False
[15:32:05] [SAVE] img_027699.csv pts=17 OK
[15:32:05] [LOAD] img_026698.png pts=17/17 scale=False
[15:32:12] [SAVE] img_026698.csv pts=17 OK
[15:32:12] [LOAD] img_025697.png pts=17/17 scale=False
[15:32:14] [SAVE] img_025697.csv pts=17 OK
[15:32:14] [LOAD] img_024696.png pts=17/17 scale=False
[15:32:18] [SAVE] img_024696.csv pts=17 OK
[15:32:18] [LOAD] img_023695.png pts=17/17 scale=False
[15:32:23] [SAVE] img_023695.csv pts=17 OK
[15:32:24] [LOAD] img_022694.png pts=17/17 scale=False
[15:32:28] [SAVE] img_022694.csv pts=17 OK
[15:32:28] [LOAD] img_021693.png pts=17/17 scale=False
[15:32:33] [SAVE] img_021693.csv pts=17 OK
[15:32:33] [LOAD] img_020692.png pts=17/17 scale=False
[15:32:37] [SAVE] img_020692.csv pts=17 OK
[15:32:38] [LOAD] img_019691.png pts=17/17 scale=False
[15:32:41] [SAVE] img_019691.csv pts=17 OK
[15:32:42] [LOAD] img_018690.png pts=17/17 scale=False
[15:32:45] [SAVE] img_018690.csv pts=17 OK
[15:32:46] [LOAD] img_017689.png pts=17/17 scale=False
[15:32:50] [SAVE] img_017689.csv pts=17 OK
[15:32:51] [LOAD] img_016688.png pts=17/17 scale=False
[15:32:55] [SAVE] img_016688.csv pts=17 OK
[15:32:56] [LOAD] img_015687.png pts=17/17 scale=False
[15:32:59] [SAVE] img_015687.csv pts=17 OK
[15:32:59] [LOAD] img_014686.png pts=17/17 scale=False
[15:32:59] [SAVE] img_014686.csv pts=17 OK
[15:32:59] [LOAD] img_013685.png pts=17/17 scale=False
[15:33:04] [SAVE] img_013685.csv pts=17 OK
[15:33:04] [LOAD] img_012684.png pts=17/17 scale=False
[15:33:08] [SAVE] img_012684.csv pts=17 OK
[15:33:09] [SAVE] img_012684.csv pts=17 OK
[15:33:09] [SAVE] img_012684.csv pts=17 OK
[15:33:10] [LOAD] img_013685.png pts=17/17 scale=False
[15:33:10] [SAVE] img_013685.csv pts=17 OK
[15:33:10] [LOAD] img_014686.png pts=17/17 scale=False
[15:33:12] [LOAD] img_014686.png pts=17/17 scale=False
[15:33:20] [LOAD] img_015687.png pts=17/17 scale=False
[15:33:22] [LOAD] img_015687.png pts=17/17 scale=False
[15:33:28] [SAVE] img_015687.csv pts=17 OK
[15:33:28] [LOAD] img_017689.png pts=17/17 scale=False
[15:33:30] [SAVE] img_017689.csv pts=17 OK
[15:33:30] [LOAD] img_018690.png pts=17/17 scale=False
[15:33:32] [SAVE] img_018690.csv pts=17 OK
[15:33:32] [LOAD] img_020692.png pts=17/17 scale=False
[15:33:34] [SAVE] img_020692.csv pts=17 OK
[15:33:34] [LOAD] img_021693.png pts=17/17 scale=False
[15:33:44] [SAVE] img_021693.csv pts=17 OK
[15:33:44] [LOAD] img_020692.png pts=17/17 scale=False
[15:33:46] [SAVE] img_020692.csv pts=17 OK
[15:33:46] [LOAD] img_021693.png pts=17/17 scale=False
[15:33:48] [SAVE] img_021693.csv pts=17 OK
[15:33:48] [LOAD] img_024696.png pts=17/17 scale=False
[15:33:50] [SAVE] img_024696.csv pts=17 OK
[15:33:50] [LOAD] img_031703.png pts=17/17 scale=False
[15:33:53] [SAVE] img_031703.csv pts=17 OK
[15:33:53] [LOAD] img_032704.png pts=17/17 scale=False
[15:33:54] [SAVE] img_032704.csv pts=17 OK
[15:33:54] [LOAD] img_034706.png pts=17/17 scale=False
[15:33:56] [SAVE] img_034706.csv pts=17 OK
[15:33:56] [LOAD] img_035707.png pts=17/17 scale=False
[15:34:11] [SAVE] img_035707.csv pts=17 OK
[15:34:12] [LOAD] img_040712.png pts=17/17 scale=False
[15:34:15] [SAVE] img_040712.csv pts=17 OK
[15:34:15] [LOAD] img_015687.png pts=17/17 scale=False
[15:34:18] [SAVE] img_015687.csv pts=17 OK
[15:34:18] [LOAD] img_012684.png pts=17/17 scale=False
[15:34:20] [SAVE] img_012684.csv pts=17 OK
[15:35:37] [LOAD] img_001415.png pts=17/17 scale=False
[15:35:42] [SAVE] img_001415.csv pts=17 OK
[15:35:42] [LOAD] img_002416.png pts=17/17 scale=False
[15:35:43] [SAVE] img_002416.csv pts=17 OK
[15:35:43] [LOAD] img_005419.png pts=17/17 scale=False
[15:35:50] [SAVE] img_005419.csv pts=17 OK
[15:35:50] [LOAD] img_006420.png pts=17/17 scale=False
[15:35:52] [SAVE] img_006420.csv pts=17 OK
[15:35:52] [LOAD] img_007421.png pts=17/17 scale=False
[15:35:58] [SAVE] img_007421.csv pts=17 OK
[15:35:58] [LOAD] img_008422.png pts=17/17 scale=False
[15:36:01] [SAVE] img_008422.csv pts=17 OK
[15:36:01] [LOAD] img_009423.png pts=17/17 scale=False
[15:36:05] [SAVE] img_009423.csv pts=17 OK
[15:36:05] [LOAD] img_010424.png pts=17/17 scale=False
[15:36:11] [SAVE] img_010424.csv pts=17 OK
[15:36:11] [LOAD] img_011425.png pts=17/17 scale=False
[15:36:16] [SAVE] img_011425.csv pts=17 OK
[15:36:17] [LOAD] img_012426.png pts=17/17 scale=False
[15:36:20] [SAVE] img_012426.csv pts=17 OK
[15:36:21] [LOAD] img_013427.png pts=17/17 scale=False
[15:36:24] [SAVE] img_013427.csv pts=17 OK
[15:36:25] [LOAD] img_012426.png pts=17/17 scale=False
[15:36:28] [SAVE] img_012426.csv pts=17 OK
[15:36:28] [LOAD] img_013427.png pts=17/17 scale=False
[15:36:29] [SAVE] img_013427.csv pts=17 OK
[15:36:29] [LOAD] img_014428.png pts=17/17 scale=False
[15:36:33] [SAVE] img_014428.csv pts=17 OK
[15:36:33] [LOAD] img_015429.png pts=17/17 scale=False
[15:36:36] [SAVE] img_015429.csv pts=17 OK
[15:36:36] [LOAD] img_016430.png pts=17/17 scale=False
[15:36:39] [SAVE] img_016430.csv pts=17 OK
[15:36:39] [LOAD] img_017431.png pts=17/17 scale=False
[15:36:40] [SAVE] img_017431.csv pts=17 OK
[15:36:40] [LOAD] img_018432.png pts=17/17 scale=False
[15:36:45] [SAVE] img_018432.csv pts=17 OK
[15:36:45] [LOAD] img_019433.png pts=17/17 scale=False
[15:36:46] [SAVE] img_019433.csv pts=17 OK
[15:36:46] [LOAD] img_020434.png pts=17/17 scale=False
[15:36:47] [SAVE] img_020434.csv pts=17 OK
[15:36:47] [LOAD] img_021435.png pts=17/17 scale=False
[15:36:52] [SAVE] img_021435.csv pts=17 OK
[15:36:54] [SAVE] img_021435.csv pts=17 OK
[15:36:55] [SAVE] img_021435.csv pts=17 OK
[15:36:55] [LOAD] img_020434.png pts=17/17 scale=False
[15:37:16] [SAVE] img_020434.csv pts=17 OK
[15:37:16] [LOAD] img_021435.png pts=17/17 scale=False
[15:37:20] [SAVE] img_021435.csv pts=17 OK
[15:37:22] [SAVE] img_021435.csv pts=17 OK
[15:37:22] [LOAD] img_020434.png pts=17/17 scale=False
[15:37:23] [SAVE] img_020434.csv pts=17 OK
[15:37:34] [LOAD] img_001616.png pts=17/17 scale=False
[15:37:38] [SAVE] img_001616.csv pts=17 OK
[15:37:38] [LOAD] img_002617.png pts=17/17 scale=False
[15:37:42] [SAVE] img_002617.csv pts=17 OK
[15:37:42] [LOAD] img_015603.png pts=17/17 scale=False
[15:37:46] [SAVE] img_015603.csv pts=17 OK
[15:37:46] [LOAD] img_016604.png pts=17/17 scale=False
[15:37:48] [SAVE] img_016604.csv pts=17 OK
[15:37:49] [LOAD] img_017605.png pts=17/17 scale=False
[15:37:53] [SAVE] img_017605.csv pts=17 OK
[15:37:53] [LOAD] img_016604.png pts=17/17 scale=False
[15:37:55] [SAVE] img_016604.csv pts=17 OK
[15:37:56] [LOAD] img_017605.png pts=17/17 scale=False
[15:37:57] [SAVE] img_017605.csv pts=17 OK
[15:37:57] [LOAD] img_018606.png pts=17/17 scale=False
[15:38:01] [SAVE] img_018606.csv pts=17 OK
[15:38:01] [LOAD] img_019607.png pts=17/17 scale=False
[15:38:03] [SAVE] img_019607.csv pts=17 OK
[15:38:03] [LOAD] img_021609.png pts=17/17 scale=False
[15:38:06] [SAVE] img_021609.csv pts=17 OK
[15:38:06] [LOAD] img_022610.png pts=17/17 scale=False
[15:38:08] [SAVE] img_022610.csv pts=17 OK
[15:38:08] [LOAD] img_023611.png pts=17/17 scale=False
[15:38:12] [SAVE] img_023611.csv pts=17 OK
[15:38:13] [LOAD] img_024612.png pts=17/17 scale=False
[15:38:16] [SAVE] img_024612.csv pts=17 OK
[15:38:16] [LOAD] img_025613.png pts=17/17 scale=False
[15:38:20] [SAVE] img_025613.csv pts=17 OK
[15:38:20] [LOAD] img_026614.png pts=17/17 scale=False
[15:38:25] [SAVE] img_026614.csv pts=17 OK
[15:38:26] [SAVE] img_026614.csv pts=17 OK
[15:38:27] [SAVE] img_026614.csv pts=17 OK
[15:38:27] [LOAD] img_025613.png pts=17/17 scale=False
[15:38:29] [SAVE] img_025613.csv pts=17 OK
[15:38:37] [LOAD] img_001673.png pts=17/17 scale=False
[15:38:41] [SAVE] img_001673.csv pts=17 OK
[15:38:41] [LOAD] img_002674.png pts=17/17 scale=False
[15:38:46] [SAVE] img_002674.csv pts=17 OK
[15:38:46] [LOAD] img_003675.png pts=17/17 scale=False
[15:38:51] [SAVE] img_003675.csv pts=17 OK
[15:38:51] [LOAD] img_004676.png pts=17/17 scale=False
[15:38:57] [SAVE] img_004676.csv pts=17 OK
[15:38:57] [LOAD] img_005677.png pts=17/17 scale=False
[15:39:02] [SAVE] img_005677.csv pts=17 OK
[15:39:03] [LOAD] img_006678.png pts=17/17 scale=False
[15:39:06] [SAVE] img_006678.csv pts=17 OK
[15:39:06] [LOAD] img_007679.png pts=17/17 scale=False
[15:39:09] [SAVE] img_007679.csv pts=17 OK
[15:39:09] [LOAD] img_008680.png pts=17/17 scale=False
[15:39:12] [SAVE] img_008680.csv pts=17 OK
[15:39:12] [LOAD] img_009681.png pts=17/17 scale=False
[15:39:16] [SAVE] img_009681.csv pts=17 OK
[15:39:17] [LOAD] img_010682.png pts=17/17 scale=False
[15:39:20] [SAVE] img_010682.csv pts=17 OK
[15:39:20] [LOAD] img_011683.png pts=17/17 scale=False
[15:39:23] [SAVE] img_011683.csv pts=17 OK
[15:39:24] [SAVE] img_011683.csv pts=17 OK
[15:39:25] [SAVE] img_011683.csv pts=17 OK
[15:39:25] [LOAD] img_010682.png pts=17/17 scale=False
[15:39:30] [SAVE] img_010682.csv pts=17 OK
[15:39:40] [LOAD] img_010759.png pts=17/17 scale=False
[15:39:45] [SAVE] img_010759.csv pts=17 OK
[15:39:45] [LOAD] img_011760.png pts=17/17 scale=False
[15:39:47] [SAVE] img_011760.csv pts=17 OK
[15:39:48] [LOAD] img_013762.png pts=17/17 scale=False
[15:39:50] [SAVE] img_013762.csv pts=17 OK
[15:39:51] [LOAD] img_014763.png pts=17/17 scale=False
[15:39:53] [SAVE] img_014763.csv pts=17 OK
[15:39:53] [LOAD] img_015764.png pts=17/17 scale=False
[15:39:56] [SAVE] img_015764.csv pts=17 OK
[15:39:56] [LOAD] img_016765.png pts=17/17 scale=False
[15:39:59] [SAVE] img_016765.csv pts=17 OK
[15:40:00] [LOAD] img_017766.png pts=17/17 scale=False
[15:40:02] [SAVE] img_017766.csv pts=17 OK
[15:40:03] [LOAD] img_018767.png pts=17/17 scale=False
[15:40:07] [SAVE] img_018767.csv pts=17 OK
[15:40:08] [LOAD] img_019768.png pts=17/17 scale=False
[15:40:11] [SAVE] img_019768.csv pts=17 OK
[15:40:11] [LOAD] img_020769.png pts=17/17 scale=False
[15:40:14] [SAVE] img_020769.csv pts=17 OK
[15:40:15] [LOAD] img_021770.png pts=17/17 scale=False
[15:40:17] [SAVE] img_021770.csv pts=17 OK
[15:40:19] [SAVE] img_021770.csv pts=17 OK
[15:40:20] [LOAD] img_020769.png pts=17/17 scale=False
[15:40:22] [SAVE] img_020769.csv pts=17 OK
[18:04:59] [LOAD] img_027917.png pts=0/17 scale=True
[18:05:18] [SCALE] saved img_027917.png.scale.csv
[18:05:51] [SAVE] img_027917.csv pts=17 OK
[18:05:51] [LOAD] img_028918.png pts=0/17 scale=False
[18:06:32] [SAVE] img_028918.csv pts=17 OK
[18:06:33] [LOAD] img_029919.png pts=0/17 scale=False
[18:07:18] [SAVE] img_029919.csv pts=17 OK
[18:07:18] [LOAD] img_030920.png pts=0/17 scale=False
[18:07:54] [SAVE] img_030920.csv pts=17 OK
[18:07:54] [LOAD] img_031921.png pts=0/17 scale=False
[18:08:33] [SAVE] img_031921.csv pts=17 OK
[18:08:33] [LOAD] img_032922.png pts=0/17 scale=False
[18:09:09] [SAVE] img_032922.csv pts=16 OK
[18:09:09] [LOAD] img_033923.png pts=0/17 scale=False
[18:09:10] [LOAD] img_032922.png pts=16/17 scale=False
[18:09:13] [SAVE] img_032922.csv pts=17 OK
[18:09:14] [LOAD] img_033923.png pts=0/17 scale=False
[18:10:02] [SAVE] img_033923.csv pts=17 OK
[18:10:02] [LOAD] img_034924.png pts=0/17 scale=False
[18:10:23] [SAVE] img_034924.csv pts=4 OK
[18:10:23] [LOAD] img_035925.png pts=0/17 scale=False
[18:11:11] [LOAD] img_027917.png pts=17/17 scale=False
[18:11:13] [SAVE] img_027917.csv pts=17 OK
