**********************
Начало записи сценария Windows PowerShell
Время начала: 20251115184724
Имя пользователя: BERS\artae
Запуск от имени пользователя: BERS\artae
Имя конфигурации: 
Компьютер: BERS (Microsoft Windows NT 10.0.26200.0)
Ведущее приложение: C:\WINDOWS\System32\WindowsPowerShell\v1.0\powershell.exe
ИД процесса: 17288
PSVersion: 5.1.26100.7019
PSEdition: Desktop
PSCompatibleVersions: 1.0, 2.0, 3.0, 4.0, 5.0, 5.1.26100.7019
BuildVersion: 10.0.26100.7019
CLRVersion: 4.0.30319.42000
WSManStackVersion: 3.0
PSRemotingProtocolVersion: 2.3
SerializationVersion: 1.1.0.1
**********************
Транскрибирование запущено, выходной файл logs\ps_step_hrnet_config_1024_20251115_184724.log
PS D:\GM\tools\2_Landmarking_v1.0> Write-Host "=== GM Landmarking: обновление hrnet_config.yaml под авторасстановку ГМ-точек ==="
=== GM Landmarking: обновление hrnet_config.yaml под авторасстановку ГМ-точек ===
PS D:\GM\tools\2_Landmarking_v1.0> Write-Host "Настройки основаны на публикациях по HRNet/автоландмаркам и твоём железе (RTX 3060 12 ГБ)."
Настройки основаны на публикациях по HRNet/автоландмаркам и твоём железе (RTX 3060 12 ГБ).
PS D:\GM\tools\2_Landmarking_v1.0> Write-Host ""

PS D:\GM\tools\2_Landmarking_v1.0> # 3. Обновляем config/hrnet_config.yaml (строго поля из ТЗ, только значения)
PS D:\GM\tools\2_Landmarking_v1.0> New-Item -ItemType Directory -Force -Path "config" | Out-Null
PS D:\GM\tools\2_Landmarking_v1.0> $configPath = "config\hrnet_config.yaml"
PS D:\GM\tools\2_Landmarking_v1.0> @'
model_type: "hrnet_w32"          # HRNet backbone type (W32 is standard in literature).

input_size: 1024                 # Target input size in pixels (0 = do not resize).
resize_mode: "resize"            # Keep aspect ratio and pad to square.
keep_aspect_ratio: true          # No stretching of the fish.

batch_size: 2                    # Tuned for RTX 3060 12 GB with 1024x1024 input.
learning_rate: 0.0005            # Typical LR for HRNet landmark training.
max_epochs: 150                  # Up to 150 epochs (можно останавливать вручную раньше).
train_val_split: 0.9             # 90% train, 10% validation (как в ТЗ).

flip_augmentation: true          # Random horizontal flip during training.
rotation_augmentation_deg: 15    # Mild rotations (preserved fish on tray).
scale_augmentation: 0.3          # Random zoom in/out up to 30%.
weight_decay: 0.0001             # Regularization, стандартное значение для HRNet.
'@ | Set-Content -Path $configPath -Encoding UTF8
PS D:\GM\tools\2_Landmarking_v1.0> Write-Host ""

PS D:\GM\tools\2_Landmarking_v1.0> Write-Host "Готово. Текущий hrnet_config.yaml:"
Готово. Текущий hrnet_config.yaml:
PS D:\GM\tools\2_Landmarking_v1.0> Write-Host "---------------------------------"
---------------------------------
PS D:\GM\tools\2_Landmarking_v1.0> Get-Content $configPath
model_type: "hrnet_w32"          # HRNet backbone type (W32 is standard in literature).

input_size: 1024                 # Target input size in pixels (0 = do not resize).
resize_mode: "resize"            # Keep aspect ratio and pad to square.
keep_aspect_ratio: true          # No stretching of the fish.

batch_size: 2                    # Tuned for RTX 3060 12 GB with 1024x1024 input.
learning_rate: 0.0005            # Typical LR for HRNet landmark training.
max_epochs: 150                  # Up to 150 epochs (можно останавливать вручную раньше).
train_val_split: 0.9             # 90% train, 10% validation (как в ТЗ).

flip_augmentation: true          # Random horizontal flip during training.
rotation_augmentation_deg: 15    # Mild rotations (preserved fish on tray).
scale_augmentation: 0.3          # Random zoom in/out up to 30%.
weight_decay: 0.0001             # Regularization, стандартное значение для HRNet.
PS D:\GM\tools\2_Landmarking_v1.0> Write-Host "---------------------------------"
---------------------------------
PS D:\GM\tools\2_Landmarking_v1.0> Write-Host "Следующие запуски пункта 1) Train / Finetune будут использовать эти настройки."
Следующие запуски пункта 1) Train / Finetune будут использовать эти настройки.
PS D:\GM\tools\2_Landmarking_v1.0> Write-Host ""

PS D:\GM\tools\2_Landmarking_v1.0> # 4. Завершаем логирование
PS D:\GM\tools\2_Landmarking_v1.0> Stop-Transcript
**********************
Конец записи протокола Windows PowerShell
Время окончания: 20251115184725
**********************
