[2025-11-15 17:43:18] Используем устройство: cuda
[2025-11-15 17:43:18] Всего образцов: 186 (train=167, val=19)
[2025-11-15 17:43:45] Epoch 1/100 - train loss = 0.149124
[2025-11-15 17:43:47] Epoch 1 - val PCK@R=0.1115
[2025-11-15 17:43:47] Новая лучшая модель сохранена (epoch=1, PCK@R=0.1115).
[2025-11-15 17:44:10] Epoch 2/100 - train loss = 0.008570
[2025-11-15 17:44:13] Epoch 2 - val PCK@R=0.0557
[2025-11-15 17:44:35] Epoch 3/100 - train loss = 0.003812
[2025-11-15 17:44:38] Epoch 3 - val PCK@R=0.0000
[2025-11-15 17:45:01] Epoch 4/100 - train loss = 0.002598
[2025-11-15 17:45:03] Epoch 4 - val PCK@R=0.0093
[2025-11-15 17:45:27] Epoch 5/100 - train loss = 0.002090
[2025-11-15 17:45:29] Epoch 5 - val PCK@R=0.0062
[2025-11-15 17:45:53] Epoch 6/100 - train loss = 0.001704
[2025-11-15 17:45:56] Epoch 6 - val PCK@R=0.0093
[2025-11-15 17:46:19] Epoch 7/100 - train loss = 0.001437
[2025-11-15 17:46:21] Epoch 7 - val PCK@R=0.0124
[2025-11-15 17:46:45] Epoch 8/100 - train loss = 0.001255
[2025-11-15 17:46:48] Epoch 8 - val PCK@R=0.0124
[2025-11-15 17:47:12] Epoch 9/100 - train loss = 0.001103
[2025-11-15 17:47:14] Epoch 9 - val PCK@R=0.0155
[2025-11-15 17:47:38] Epoch 10/100 - train loss = 0.001015
[2025-11-15 17:47:40] Epoch 10 - val PCK@R=0.0186
[2025-11-15 17:48:03] Epoch 11/100 - train loss = 0.000917
[2025-11-15 17:48:05] Epoch 11 - val PCK@R=0.0217
[2025-11-15 17:48:28] Epoch 12/100 - train loss = 0.000842
[2025-11-15 17:48:30] Epoch 12 - val PCK@R=0.0248
[2025-11-15 17:48:53] Epoch 13/100 - train loss = 0.000801
[2025-11-15 17:48:55] Epoch 13 - val PCK@R=0.0217
[2025-11-15 17:49:19] Epoch 14/100 - train loss = 0.000743
[2025-11-15 17:49:21] Epoch 14 - val PCK@R=0.0310
[2025-11-15 17:49:45] Epoch 15/100 - train loss = 0.000715
[2025-11-15 17:49:47] Epoch 15 - val PCK@R=0.0402
[2025-11-15 17:50:10] Epoch 16/100 - train loss = 0.000665
[2025-11-15 17:50:12] Epoch 16 - val PCK@R=0.0402
[2025-11-15 17:50:36] Epoch 17/100 - train loss = 0.000621
[2025-11-15 17:50:38] Epoch 17 - val PCK@R=0.0433
[2025-11-15 17:51:01] Epoch 18/100 - train loss = 0.000600
[2025-11-15 17:51:04] Epoch 18 - val PCK@R=0.0495
[2025-11-15 17:51:27] Epoch 19/100 - train loss = 0.000555
[2025-11-15 17:51:30] Epoch 19 - val PCK@R=0.0495
[2025-11-15 17:51:53] Epoch 20/100 - train loss = 0.000517
[2025-11-15 17:51:55] Epoch 20 - val PCK@R=0.0743
[2025-11-15 17:52:17] Epoch 21/100 - train loss = 0.000486
[2025-11-15 17:52:20] Epoch 21 - val PCK@R=0.0867
[2025-11-15 17:52:42] Epoch 22/100 - train loss = 0.000470
[2025-11-15 17:52:45] Epoch 22 - val PCK@R=0.0960
