[INFO] Rebuilt status for 35 localities.
== GM Landmarking: HRNet Trainer v1.0 ==

Localities:
  [1] balkh-alakol_Ayagoz_KZ_25              [21/19]      111%  (no status)
  [2] balkh-alakol_Karakol_KZ_25             [14/13]      108%  (no status)
  [3] balkh-alakol_Lepsy_KZ_25               [11/11]      100%  MANUAL
  [4] baltsea-east_isetensis-Sitnya_RU_25    [8/20]        40%  (no status)
  [5] ob-altay_Belokurikha_RU_25             [11/11]      100%  MANUAL
  [6] ob-altay_Bol_Terekta_RU_25             [0/15]         0%  (no status)
  [7] ob-altay_Chaganka_RU_25                [29/29]      100%  MANUAL
  [8] ob-altay_Jumaly_RU_25                  [0/31]         0%  (no status)
  [9] ob-altay_Kamenka_RU_25                 [0/11]         0%  (no status)
  [10] ob-altay_Kan_RU_25                     [0/38]         0%  (no status)
  [11] ob-altay_Katun_Nizh-Ujmon_RU_25        [0/21]         0%  (no status)
  [12] ob-altay_Kubardu_RU_25                 [0/11]         0%  (no status)
  [13] ob-altay_Nizh-Kalmanka_RU_25           [0/8]          0%  (no status)
  [14] ob-altay_Shipunikha_RU_25              [0/13]         0%  (no status)
  [15] ob-altay_Talovka_RU_25                 [0/13]         0%  (no status)
  [16] ob-altay_Ursul_RU_25                   [0/8]          0%  (no status)
  [17] ob-altay_Usay_RU_25                    [0/55]         0%  (no status)
  [18] ob-irtysh_Abylaikit_KZ_25              [0/20]         0%  (no status)
  [19] ob-irtysh_Bol-Kamenka_RU_25            [0/27]         0%  (no status)
  [20] ob-irtysh_Kalzhir_RU_25                [0/7]          0%  (no status)
  [21] ob-irtysh_Kendirlik_KZ_25              [0/24]         0%  (no status)
  [22] ob-irtysh_Kurchum_KZ_25                [0/12]         0%  (no status)
  [23] ob-irtysh_Sht-Terekty_KZ_25            [0/16]         0%  (no status)
  [24] ob-irtysh_Tainty_KZ_25                 [0/33]         0%  (no status)
  [25] turk-west_abanticus-Abant_TR_25        [0/10]         0%  (no status)
  [26] turk-west_kottelati-Uludere_TR_25      [0/21]         0%  (no status)
  [27] turk-west_radeki-Buyuk_TR_25           [0/16]         0%  (no status)
  [28] turk-west_strandjae-Balabandere_TR_25  [0/17]         0%  (no status)
  [29] volga-kama_isetensis-Barmysh_RU_25     [0/9]          0%  (no status)
  [30] volga-kama_isetensis-Berezovaya_RU_25  [0/30]         0%  (no status)
  [31] volga-kama_isetensis-Bui_RU_25         [0/27]         0%  (no status)
  [32] volga-kama_isetensis-Koyva_RU_25       [0/21]         0%  (no status)
  [33] volga-mid_isetensis-Polpota_RU_25      [0/22]         0%  (no status)
  [34] volga-mid_isetensis-Yulovka_RU_25      [0/9]          0%  (no status)
  [35] volga-up_isetensis-Pes_RU_25           [0/15]         0%  (no status)

Actions:
  1) Train / finetune model on MANUAL localities   [STUB]
  2) Autolabel locality with current model         [STUB]
  3) Review AUTO locality in annotator             [STUB]
  4) Show current model info                       [STUB]
  5) Settings / config                             [STUB]
  Q) Quit
Select action: ^C